<?xml version="1.0" encoding="UTF-8"?>
<!-- Generated by org.testng.reporters.JUnitReportReporter -->
<testsuite skipped="0" hostname="DESKTOP-ELIEKOG" name="Package1.TestClass" tests="1" failures="0" timestamp="28 May 2017 07:33:19 GMT" time="0.046" errors="0">
  <testcase name="sample" time="0.046" classname="Package1.TestClass"/>
</testsuite> <!-- Package1.TestClass -->
